{"/Users/morza/development/monorepo-react/packages/comp-button/src/index.js": {"path":"/Users/morza/development/monorepo-react/packages/comp-button/src/index.js","statementMap":{"0":{"start":{"line":3,"column":15},"end":{"line":9,"column":1}},"1":{"start":{"line":4,"column":4},"end":{"line":8,"column":8}}},"fnMap":{"0":{"name":"(anonymous_0)","decl":{"start":{"line":3,"column":15},"end":{"line":3,"column":16}},"loc":{"start":{"line":4,"column":4},"end":{"line":8,"column":8}},"line":4}},"branchMap":{"0":{"loc":{"start":{"line":3,"column":18},"end":{"line":3,"column":33}},"type":"default-arg","locations":[{"start":{"line":3,"column":25},"end":{"line":3,"column":33}}],"line":3}},"s":{"0":1,"1":4},"f":{"0":4},"b":{"0":[4]},"_coverageSchema":"332fd63041d2c1bcb487cc26dd0d5f7d97098a6c","hash":"3b19e39f63031d033534f78b4ebad69eef7aeb64"}
}
